<?xml version="1.0" encoding="UTF-8"?>
<!-- Generated by org.testng.reporters.JUnitXMLReporter -->
<testsuite ignored="0" hostname="BoseFamily" failures="0" tests="5" name="Chrometest" time="7.362" errors="0" timestamp="2023-09-06T21:44:50 IST">
  <testcase classname="aug16.CrossBrowserTesting" name="verify_Login" time="2.315"/>
  <testcase classname="aug16.CrossBrowserTesting" name="verify_Login" time="0.775"/>
  <testcase classname="aug16.CrossBrowserTesting" name="verify_Login" time="0.461"/>
  <testcase classname="aug16.CrossBrowserTesting" name="verify_Login" time="1.01"/>
  <testcase classname="aug16.CrossBrowserTesting" name="verify_Login" time="1.036"/>
</testsuite> <!-- Chrometest -->
