<?xml version="1.0" encoding="UTF-8"?>
<!-- Generated by org.testng.reporters.JUnitXMLReporter -->
<testsuite ignored="0" hostname="BoseFamily" failures="0" tests="5" name="Firefoxtest" time="9.586" errors="0" timestamp="2023-09-06T21:45:00 IST">
  <testcase classname="aug16.CrossBrowserTesting" name="verify_Login" time="1.914"/>
  <testcase classname="aug16.CrossBrowserTesting" name="verify_Login" time="0.98"/>
  <testcase classname="aug16.CrossBrowserTesting" name="verify_Login" time="0.475"/>
  <testcase classname="aug16.CrossBrowserTesting" name="verify_Login" time="1.02"/>
  <testcase classname="aug16.CrossBrowserTesting" name="verify_Login" time="1.017"/>
</testsuite> <!-- Firefoxtest -->
