<?xml version="1.0" encoding="UTF-8"?>
<!-- Generated by org.testng.reporters.JUnitXMLReporter -->
<testsuite ignored="1" hostname="BoseFamily" failures="0" tests="6" name="Test2" time="12.775" errors="0" timestamp="2023-09-03T19:54:41 IST">
  <testcase classname="pack1.SecondTestNgClass" name="division" time="0.247"/>
  <testcase classname="pack1.SecondTestNgClass" name="addition" time="0.274"/>
  <testcase classname="pack1.SecondTestNgClass" name="addition" time="0.232"/>
  <testcase classname="pack1.SecondTestNgClass" name="addition" time="0.216"/>
  <testcase classname="pack1.SecondTestNgClass" name="addition" time="0.262"/>
  <testcase classname="pack1.SecondTestNgClass" name="addition" time="0.216"/>
  <testcase classname="pack1.SecondTestNgClass" name="multiplication" time="0.0">
    <ignored/>
  </testcase> <!-- multiplication -->
</testsuite> <!-- Test2 -->
