<?xml version="1.0" encoding="UTF-8"?>
<!-- Generated by org.testng.reporters.JUnitXMLReporter -->
<testsuite ignored="0" hostname="BoseFamily" failures="0" tests="3" name="Test3" time="1.415" errors="0" timestamp="2023-09-03T19:54:42 IST">
  <testcase classname="pack1.ThirdTestNgClass" name="clickAdmin" time="0.516"/>
  <testcase classname="pack1.ThirdTestNgClass" name="clickLeave" time="0.402"/>
  <testcase classname="pack1.ThirdTestNgClass" name="clickPim" time="0.485"/>
</testsuite> <!-- Test3 -->
