<?xml version="1.0" encoding="UTF-8"?>
<!-- Generated by org.testng.reporters.JUnitXMLReporter -->
<testsuite ignored="0" hostname="BoseFamily" failures="0" tests="3" name="Test1" time="3.995" errors="0" timestamp="2023-09-03T19:54:28 IST">
  <testcase classname="pack1.FirstTestNgClass" name="cBanking" time="0.341"/>
  <testcase classname="pack1.FirstTestNgClass" name="iBanking" time="0.274"/>
  <testcase classname="pack1.FirstTestNgClass" name="pBanking" time="0.524"/>
</testsuite> <!-- Test1 -->
