<?xml version="1.0" encoding="UTF-8"?>
<!-- Generated by org.testng.reporters.JUnitXMLReporter -->
<testsuite ignored="1" hostname="BoseFamily" failures="0" tests="12" name="Reports" time="19.718" errors="0" timestamp="2023-09-03T19:28:24 IST">
  <testcase classname="pack1.FirstTestNgClass" name="cBanking" time="0.308"/>
  <testcase classname="pack1.FirstTestNgClass" name="iBanking" time="0.408"/>
  <testcase classname="pack1.FirstTestNgClass" name="pBanking" time="0.467"/>
  <testcase classname="pack1.SecondTestNgClass" name="division" time="0.295"/>
  <testcase classname="pack1.SecondTestNgClass" name="addition" time="0.258"/>
  <testcase classname="pack1.SecondTestNgClass" name="addition" time="0.218"/>
  <testcase classname="pack1.SecondTestNgClass" name="addition" time="0.233"/>
  <testcase classname="pack1.SecondTestNgClass" name="addition" time="0.248"/>
  <testcase classname="pack1.SecondTestNgClass" name="addition" time="0.252"/>
  <testcase classname="pack1.ThirdTestNgClass" name="clickAdmin" time="0.611"/>
  <testcase classname="pack1.ThirdTestNgClass" name="clickLeave" time="0.496"/>
  <testcase classname="pack1.ThirdTestNgClass" name="clickPim" time="0.562"/>
  <testcase classname="pack1.SecondTestNgClass" name="multiplication" time="0.0">
    <ignored/>
  </testcase> <!-- multiplication -->
</testsuite> <!-- Reports -->
