<?xml version="1.0" encoding="UTF-8"?>
<testng-results ignored="0" total="2" passed="2" failed="0" skipped="0">
  <reporter-output>
  </reporter-output>
  <suite started-at="2023-09-14T19:18:27 IST" name="Default suite" finished-at="2023-09-14T19:18:36 IST" duration-ms="8283">
    <groups>
    </groups>
    <test started-at="2023-09-14T19:18:27 IST" name="Default test" finished-at="2023-09-14T19:18:36 IST" duration-ms="8283">
      <class name="aug21.AdvanceReportsDemo">
        <test-method is-config="true" signature="generateReport()[pri:0, instance:aug21.AdvanceReportsDemo@cecf639]" started-at="2023-09-14T19:18:27 IST" name="generateReport" finished-at="2023-09-14T19:18:27 IST" duration-ms="143" status="PASS">
          <reporter-output>
          </reporter-output>
        </test-method> <!-- generateReport -->
        <test-method is-config="true" signature="setUp()[pri:0, instance:aug21.AdvanceReportsDemo@cecf639]" started-at="2023-09-14T19:18:27 IST" name="setUp" finished-at="2023-09-14T19:18:33 IST" duration-ms="5261" status="PASS">
          <reporter-output>
          </reporter-output>
        </test-method> <!-- setUp -->
        <test-method signature="failTest()[pri:0, instance:aug21.AdvanceReportsDemo@cecf639]" started-at="2023-09-14T19:18:33 IST" name="failTest" finished-at="2023-09-14T19:18:33 IST" duration-ms="14" status="PASS">
          <reporter-output>
          </reporter-output>
        </test-method> <!-- failTest -->
        <test-method is-config="true" signature="tearDown()[pri:0, instance:aug21.AdvanceReportsDemo@cecf639]" started-at="2023-09-14T19:18:33 IST" name="tearDown" finished-at="2023-09-14T19:18:33 IST" duration-ms="285" status="PASS">
          <reporter-output>
          </reporter-output>
        </test-method> <!-- tearDown -->
        <test-method is-config="true" signature="setUp()[pri:0, instance:aug21.AdvanceReportsDemo@cecf639]" started-at="2023-09-14T19:18:33 IST" name="setUp" finished-at="2023-09-14T19:18:35 IST" duration-ms="2419" status="PASS">
          <reporter-output>
          </reporter-output>
        </test-method> <!-- setUp -->
        <test-method signature="passTest()[pri:0, instance:aug21.AdvanceReportsDemo@cecf639]" started-at="2023-09-14T19:18:35 IST" name="passTest" finished-at="2023-09-14T19:18:35 IST" duration-ms="11" status="PASS">
          <reporter-output>
          </reporter-output>
        </test-method> <!-- passTest -->
        <test-method is-config="true" signature="tearDown()[pri:0, instance:aug21.AdvanceReportsDemo@cecf639]" started-at="2023-09-14T19:18:35 IST" name="tearDown" finished-at="2023-09-14T19:18:36 IST" duration-ms="115" status="PASS">
          <reporter-output>
          </reporter-output>
        </test-method> <!-- tearDown -->
      </class> <!-- aug21.AdvanceReportsDemo -->
    </test> <!-- Default test -->
  </suite> <!-- Default suite -->
</testng-results>
