<?xml version="1.0" encoding="UTF-8"?>
<testng-results ignored="0" total="10" passed="10" failed="0" skipped="0">
  <reporter-output>
    <line>
      <![CDATA[Login success::dashboard     http://orangehrm.qedgetech.com/symfony/web/index.php/dashboard]]>
    </line>
    <line>
      <![CDATA[Login Fail::dashboard     http://orangehrm.qedgetech.com/symfony/web/index.php/auth/validateCredentials]]>
    </line>
    <line>
      <![CDATA[Login Fail::dashboard     http://orangehrm.qedgetech.com/symfony/web/index.php/auth/validateCredentials]]>
    </line>
    <line>
      <![CDATA[Login success::dashboard     http://orangehrm.qedgetech.com/symfony/web/index.php/dashboard]]>
    </line>
    <line>
      <![CDATA[Login success::dashboard     http://orangehrm.qedgetech.com/symfony/web/index.php/dashboard]]>
    </line>
    <line>
      <![CDATA[Running post condition]]>
    </line>
    <line>
      <![CDATA[Login success::dashboard     http://orangehrm.qedgetech.com/symfony/web/index.php/dashboard]]>
    </line>
    <line>
      <![CDATA[Login Fail::dashboard     http://orangehrm.qedgetech.com/symfony/web/index.php/auth/validateCredentials]]>
    </line>
    <line>
      <![CDATA[Login Fail::dashboard     http://orangehrm.qedgetech.com/symfony/web/index.php/auth/validateCredentials]]>
    </line>
    <line>
      <![CDATA[Login success::dashboard     http://orangehrm.qedgetech.com/symfony/web/index.php/dashboard]]>
    </line>
    <line>
      <![CDATA[Login success::dashboard     http://orangehrm.qedgetech.com/symfony/web/index.php/dashboard]]>
    </line>
    <line>
      <![CDATA[Running post condition]]>
    </line>
  </reporter-output>
  <suite started-at="2023-09-06T21:44:43 IST" name="CrossBrowser" finished-at="2023-09-06T21:45:00 IST" duration-ms="16980">
    <groups>
    </groups>
    <test started-at="2023-09-06T21:44:43 IST" name="Chrometest" finished-at="2023-09-06T21:44:50 IST" duration-ms="7362">
      <class name="aug16.CrossBrowserTesting">
        <test-method is-config="true" signature="setUp(java.lang.String)[pri:0, instance:aug16.CrossBrowserTesting@7d0b7e3c]" started-at="2023-09-06T21:44:43 IST" name="setUp" finished-at="2023-09-06T21:44:45 IST" duration-ms="1618" status="PASS">
          <params>
            <param index="0">
              <value>
                <![CDATA[chrome]]>
              </value>
            </param>
          </params>
          <reporter-output>
          </reporter-output>
        </test-method> <!-- setUp -->
        <test-method signature="verify_Login(java.lang.String,java.lang.String)[pri:0, instance:aug16.CrossBrowserTesting@7d0b7e3c]" started-at="2023-09-06T21:44:45 IST" name="verify_Login" data-provider="dp" finished-at="2023-09-06T21:44:47 IST" duration-ms="2315" status="PASS">
          <params>
            <param index="0">
              <value>
                <![CDATA[Admin]]>
              </value>
            </param>
            <param index="1">
              <value>
                <![CDATA[Qedge123!@#]]>
              </value>
            </param>
          </params>
          <reporter-output>
            <line>
              <![CDATA[Login success::dashboard     http://orangehrm.qedgetech.com/symfony/web/index.php/dashboard]]>
            </line>
          </reporter-output>
        </test-method> <!-- verify_Login -->
        <test-method signature="verify_Login(java.lang.String,java.lang.String)[pri:0, instance:aug16.CrossBrowserTesting@7d0b7e3c]" started-at="2023-09-06T21:44:47 IST" name="verify_Login" data-provider="dp" finished-at="2023-09-06T21:44:48 IST" duration-ms="775" status="PASS">
          <params>
            <param index="0">
              <value>
                <![CDATA[Admin]]>
              </value>
            </param>
            <param index="1">
              <value>
                <![CDATA[qedge123!@#]]>
              </value>
            </param>
          </params>
          <reporter-output>
            <line>
              <![CDATA[Login Fail::dashboard     http://orangehrm.qedgetech.com/symfony/web/index.php/auth/validateCredentials]]>
            </line>
          </reporter-output>
        </test-method> <!-- verify_Login -->
        <test-method signature="verify_Login(java.lang.String,java.lang.String)[pri:0, instance:aug16.CrossBrowserTesting@7d0b7e3c]" started-at="2023-09-06T21:44:48 IST" name="verify_Login" data-provider="dp" finished-at="2023-09-06T21:44:48 IST" duration-ms="461" status="PASS">
          <params>
            <param index="0">
              <value>
                <![CDATA[test]]>
              </value>
            </param>
            <param index="1">
              <value>
                <![CDATA[Qedge123!@#]]>
              </value>
            </param>
          </params>
          <reporter-output>
            <line>
              <![CDATA[Login Fail::dashboard     http://orangehrm.qedgetech.com/symfony/web/index.php/auth/validateCredentials]]>
            </line>
          </reporter-output>
        </test-method> <!-- verify_Login -->
        <test-method signature="verify_Login(java.lang.String,java.lang.String)[pri:0, instance:aug16.CrossBrowserTesting@7d0b7e3c]" started-at="2023-09-06T21:44:48 IST" name="verify_Login" data-provider="dp" finished-at="2023-09-06T21:44:49 IST" duration-ms="1010" status="PASS">
          <params>
            <param index="0">
              <value>
                <![CDATA[admin]]>
              </value>
            </param>
            <param index="1">
              <value>
                <![CDATA[Qedge123!@#]]>
              </value>
            </param>
          </params>
          <reporter-output>
            <line>
              <![CDATA[Login success::dashboard     http://orangehrm.qedgetech.com/symfony/web/index.php/dashboard]]>
            </line>
          </reporter-output>
        </test-method> <!-- verify_Login -->
        <test-method signature="verify_Login(java.lang.String,java.lang.String)[pri:0, instance:aug16.CrossBrowserTesting@7d0b7e3c]" started-at="2023-09-06T21:44:49 IST" name="verify_Login" data-provider="dp" finished-at="2023-09-06T21:44:50 IST" duration-ms="1036" status="PASS">
          <params>
            <param index="0">
              <value>
                <![CDATA[Admin]]>
              </value>
            </param>
            <param index="1">
              <value>
                <![CDATA[Qedge123!@#]]>
              </value>
            </param>
          </params>
          <reporter-output>
            <line>
              <![CDATA[Login success::dashboard     http://orangehrm.qedgetech.com/symfony/web/index.php/dashboard]]>
            </line>
          </reporter-output>
        </test-method> <!-- verify_Login -->
        <test-method is-config="true" signature="tearDown()[pri:0, instance:aug16.CrossBrowserTesting@7d0b7e3c]" started-at="2023-09-06T21:44:50 IST" name="tearDown" finished-at="2023-09-06T21:44:50 IST" duration-ms="121" status="PASS">
          <reporter-output>
            <line>
              <![CDATA[Running post condition]]>
            </line>
          </reporter-output>
        </test-method> <!-- tearDown -->
      </class> <!-- aug16.CrossBrowserTesting -->
    </test> <!-- Chrometest -->
    <test started-at="2023-09-06T21:44:50 IST" name="Firefoxtest" finished-at="2023-09-06T21:45:00 IST" duration-ms="9586">
      <class name="aug16.CrossBrowserTesting">
        <test-method is-config="true" signature="setUp(java.lang.String)[pri:0, instance:aug16.CrossBrowserTesting@909217e]" started-at="2023-09-06T21:44:50 IST" name="setUp" finished-at="2023-09-06T21:44:54 IST" duration-ms="3297" status="PASS">
          <params>
            <param index="0">
              <value>
                <![CDATA[firefox]]>
              </value>
            </param>
          </params>
          <reporter-output>
          </reporter-output>
        </test-method> <!-- setUp -->
        <test-method signature="verify_Login(java.lang.String,java.lang.String)[pri:0, instance:aug16.CrossBrowserTesting@909217e]" started-at="2023-09-06T21:44:54 IST" name="verify_Login" data-provider="dp" finished-at="2023-09-06T21:44:56 IST" duration-ms="1914" status="PASS">
          <params>
            <param index="0">
              <value>
                <![CDATA[Admin]]>
              </value>
            </param>
            <param index="1">
              <value>
                <![CDATA[Qedge123!@#]]>
              </value>
            </param>
          </params>
          <reporter-output>
            <line>
              <![CDATA[Login success::dashboard     http://orangehrm.qedgetech.com/symfony/web/index.php/dashboard]]>
            </line>
          </reporter-output>
        </test-method> <!-- verify_Login -->
        <test-method signature="verify_Login(java.lang.String,java.lang.String)[pri:0, instance:aug16.CrossBrowserTesting@909217e]" started-at="2023-09-06T21:44:56 IST" name="verify_Login" data-provider="dp" finished-at="2023-09-06T21:44:57 IST" duration-ms="980" status="PASS">
          <params>
            <param index="0">
              <value>
                <![CDATA[Admin]]>
              </value>
            </param>
            <param index="1">
              <value>
                <![CDATA[qedge123!@#]]>
              </value>
            </param>
          </params>
          <reporter-output>
            <line>
              <![CDATA[Login Fail::dashboard     http://orangehrm.qedgetech.com/symfony/web/index.php/auth/validateCredentials]]>
            </line>
          </reporter-output>
        </test-method> <!-- verify_Login -->
        <test-method signature="verify_Login(java.lang.String,java.lang.String)[pri:0, instance:aug16.CrossBrowserTesting@909217e]" started-at="2023-09-06T21:44:57 IST" name="verify_Login" data-provider="dp" finished-at="2023-09-06T21:44:57 IST" duration-ms="475" status="PASS">
          <params>
            <param index="0">
              <value>
                <![CDATA[test]]>
              </value>
            </param>
            <param index="1">
              <value>
                <![CDATA[Qedge123!@#]]>
              </value>
            </param>
          </params>
          <reporter-output>
            <line>
              <![CDATA[Login Fail::dashboard     http://orangehrm.qedgetech.com/symfony/web/index.php/auth/validateCredentials]]>
            </line>
          </reporter-output>
        </test-method> <!-- verify_Login -->
        <test-method signature="verify_Login(java.lang.String,java.lang.String)[pri:0, instance:aug16.CrossBrowserTesting@909217e]" started-at="2023-09-06T21:44:57 IST" name="verify_Login" data-provider="dp" finished-at="2023-09-06T21:44:58 IST" duration-ms="1020" status="PASS">
          <params>
            <param index="0">
              <value>
                <![CDATA[admin]]>
              </value>
            </param>
            <param index="1">
              <value>
                <![CDATA[Qedge123!@#]]>
              </value>
            </param>
          </params>
          <reporter-output>
            <line>
              <![CDATA[Login success::dashboard     http://orangehrm.qedgetech.com/symfony/web/index.php/dashboard]]>
            </line>
          </reporter-output>
        </test-method> <!-- verify_Login -->
        <test-method signature="verify_Login(java.lang.String,java.lang.String)[pri:0, instance:aug16.CrossBrowserTesting@909217e]" started-at="2023-09-06T21:44:58 IST" name="verify_Login" data-provider="dp" finished-at="2023-09-06T21:44:59 IST" duration-ms="1017" status="PASS">
          <params>
            <param index="0">
              <value>
                <![CDATA[Admin]]>
              </value>
            </param>
            <param index="1">
              <value>
                <![CDATA[Qedge123!@#]]>
              </value>
            </param>
          </params>
          <reporter-output>
            <line>
              <![CDATA[Login success::dashboard     http://orangehrm.qedgetech.com/symfony/web/index.php/dashboard]]>
            </line>
          </reporter-output>
        </test-method> <!-- verify_Login -->
        <test-method is-config="true" signature="tearDown()[pri:0, instance:aug16.CrossBrowserTesting@909217e]" started-at="2023-09-06T21:44:59 IST" name="tearDown" finished-at="2023-09-06T21:45:00 IST" duration-ms="878" status="PASS">
          <reporter-output>
            <line>
              <![CDATA[Running post condition]]>
            </line>
          </reporter-output>
        </test-method> <!-- tearDown -->
      </class> <!-- aug16.CrossBrowserTesting -->
    </test> <!-- Firefoxtest -->
  </suite> <!-- CrossBrowser -->
</testng-results>
